<?xml version="1.0" encoding="UTF-8"?>
<!-- Generated by org.testng.reporters.JUnitReportReporter -->
<testsuite hostname="DESKTOP-F9PCQ1V" failures="0" tests="1" name="Test.guru99" time="5.623" errors="0" timestamp="2022-03-13T11:05:19 IST" skipped="0">
  <testcase classname="Test.guru99" name="PostiveTestLogInPage" time="5.623"/>
  <system-out/>
</testsuite> <!-- Test.guru99 -->
