<?xml version="1.0" encoding="UTF-8"?>
<!-- Generated by org.testng.reporters.JUnitReportReporter -->
<testsuite hostname="DESKTOP-F9PCQ1V" failures="0" tests="4" name="Test.Arithmatic" time="0.030" errors="0" timestamp="2022-03-28T20:51:43 IST" skipped="0">
  <testcase classname="Test.Arithmatic" name="test1" time="0.016"/>
  <system-out/>
  <testcase classname="Test.Arithmatic" name="test2" time="0.007"/>
  <system-out/>
  <testcase classname="Test.Arithmatic" name="test3" time="0.004"/>
  <system-out/>
  <testcase classname="Test.Arithmatic" name="king" time="0.003"/>
  <system-out/>
</testsuite> <!-- Test.Arithmatic -->
